<?xml version="1.0" encoding="UTF-8"?>
<testsuite name="Alquiler de vacaciones" tests="1" skipped="0" failures="0" errors="0" timestamp="2021-04-20T18:04:59" hostname="DESKTOP-3JNAQAQ" time="36.456">
  <properties/>
  <testcase name="Alquilar lugar de estadia" classname="Alquiler de vacaciones" time="36.456"/>
  <system-out><![CDATA[Feature from file:///C:/Users/Dayana%20SQA/Retoreserva/src/test/resources/features/alquilar_apartaestudio.feature
]]></system-out>
  <system-err><![CDATA[Starting ChromeDriver 89.0.4389.23 (61b08ee2c50024bab004e48d2b1b083cdbdac579-refs/branch-heads/4389@{#294}) on port 27186
Only local connections are allowed.
Please see https://chromedriver.chromium.org/security-considerations for suggestions on keeping ChromeDriver safe.
ChromeDriver was started successfully.
[1618941904.218][WARNING]: This version of ChromeDriver has not been tested with Chrome version 90.
abr 20, 2021 1:05:04 PM org.openqa.selenium.remote.ProtocolHandshake createSession
INFORMACIÓN: Detected dialect: W3C
]]></system-err>
</testsuite>
